<?xml version="1.0" encoding="UTF-8"?>
<!-- Generated by org.testng.reporters.JUnitReportReporter -->
<testsuite skipped="0" hostname="IBM955-PC09G4RA" name="project.LoginTest" tests="1" failures="0" timestamp="15 Feb 2019 06:55:00 GMT" time="0.020" errors="0">
  <testcase name="f" time="0.020" classname="project.LoginTest"/>
</testsuite> <!-- project.LoginTest -->
